{"ts":"2026-04-17T14:49:46.985Z","event":"pipeline.policy","userId":"5516988137617","sessionId":"default","channelId":"direct:5516988137617","policy":{"allowed":true,"reason":"active","mode":"full"}}
{"ts":"2026-04-17T14:49:51.827Z","event":"pipeline.completed","userId":"5516988137617","sessionId":"default","channelId":"direct:5516988137617","replyCount":2,"policyReason":"active","searched":false,"hasDocumentContext":false,"hasOperationContext":false,"hasMediaContext":false}
{"ts":"2026-04-17T14:50:00.116Z","event":"pipeline.policy","userId":"5516988137617","sessionId":"default","channelId":"direct:5516988137617","policy":{"allowed":true,"reason":"active","mode":"full"}}
{"ts":"2026-04-17T14:50:02.863Z","event":"pipeline.completed","userId":"5516988137617","sessionId":"default","channelId":"direct:5516988137617","replyCount":2,"policyReason":"active","searched":false,"hasDocumentContext":false,"hasOperationContext":false,"hasMediaContext":false}
{"ts":"2026-04-17T14:56:08.955Z","event":"whatsapp.incoming","remoteJid":"5516988137617@s.whatsapp.net","userId":"5516988137617","sessionId":"wa-5516988137617","isGroup":false,"hasQuotedMessage":false,"mediaType":null,"messageId":"3EB011B20A26E86431BBF9"}
{"ts":"2026-04-17T14:56:09.612Z","event":"pipeline.policy","userId":"5516988137617","sessionId":"wa-5516988137617","channelId":"5516988137617@s.whatsapp.net","policy":{"allowed":true,"reason":"active","mode":"full"}}
{"ts":"2026-04-17T14:56:23.994Z","event":"pipeline.completed","userId":"5516988137617","sessionId":"wa-5516988137617","channelId":"5516988137617@s.whatsapp.net","replyCount":1,"policyReason":"active","searched":false,"hasDocumentContext":false,"hasOperationContext":false,"hasMediaContext":false}
{"ts":"2026-04-17T14:56:40.573Z","event":"whatsapp.incoming","remoteJid":"5516988137617@s.whatsapp.net","userId":"5516988137617","sessionId":"wa-5516988137617","isGroup":false,"hasQuotedMessage":false,"mediaType":null,"messageId":"3EB01A883798B5C02F82B7"}
{"ts":"2026-04-17T14:56:41.226Z","event":"pipeline.policy","userId":"5516988137617","sessionId":"wa-5516988137617","channelId":"5516988137617@s.whatsapp.net","policy":{"allowed":true,"reason":"active","mode":"full"}}
{"ts":"2026-04-17T14:56:53.094Z","event":"pipeline.completed","userId":"5516988137617","sessionId":"wa-5516988137617","channelId":"5516988137617@s.whatsapp.net","replyCount":3,"policyReason":"active","searched":false,"hasDocumentContext":false,"hasOperationContext":false,"hasMediaContext":false}
{"ts":"2026-04-17T14:57:09.102Z","event":"whatsapp.incoming","remoteJid":"5516988137617@s.whatsapp.net","userId":"5516988137617","sessionId":"wa-5516988137617","isGroup":false,"hasQuotedMessage":false,"mediaType":null,"messageId":"3EB0E7343841340C8AA2CC"}
{"ts":"2026-04-17T14:57:09.754Z","event":"pipeline.policy","userId":"5516988137617","sessionId":"wa-5516988137617","channelId":"5516988137617@s.whatsapp.net","policy":{"allowed":true,"reason":"active","mode":"full"}}
{"ts":"2026-04-17T14:57:11.990Z","event":"pipeline.completed","userId":"5516988137617","sessionId":"wa-5516988137617","channelId":"5516988137617@s.whatsapp.net","replyCount":2,"policyReason":"active","searched":false,"hasDocumentContext":false,"hasOperationContext":false,"hasMediaContext":false}
{"ts":"2026-04-17T14:57:24.644Z","event":"whatsapp.incoming","remoteJid":"5516988137617@s.whatsapp.net","userId":"5516988137617","sessionId":"wa-5516988137617","isGroup":false,"hasQuotedMessage":false,"mediaType":null,"messageId":"3EB0590E96182C9664BE82"}
{"ts":"2026-04-17T14:57:25.300Z","event":"pipeline.policy","userId":"5516988137617","sessionId":"wa-5516988137617","channelId":"5516988137617@s.whatsapp.net","policy":{"allowed":true,"reason":"active","mode":"full"}}
{"ts":"2026-04-17T14:57:27.526Z","event":"pipeline.completed","userId":"5516988137617","sessionId":"wa-5516988137617","channelId":"5516988137617@s.whatsapp.net","replyCount":2,"policyReason":"active","searched":false,"hasDocumentContext":false,"hasOperationContext":false,"hasMediaContext":false}
{"ts":"2026-04-17T14:57:54.387Z","event":"whatsapp.incoming","remoteJid":"5516988137617@s.whatsapp.net","userId":"5516988137617","sessionId":"wa-5516988137617","isGroup":false,"hasQuotedMessage":false,"mediaType":null,"messageId":"3EB061D72C872F8A4749D7"}
{"ts":"2026-04-17T14:57:55.045Z","event":"pipeline.policy","userId":"5516988137617","sessionId":"wa-5516988137617","channelId":"5516988137617@s.whatsapp.net","policy":{"allowed":true,"reason":"active","mode":"full"}}
{"ts":"2026-04-17T14:58:03.993Z","event":"pipeline.completed","userId":"5516988137617","sessionId":"wa-5516988137617","channelId":"5516988137617@s.whatsapp.net","replyCount":1,"policyReason":"active","searched":false,"hasDocumentContext":false,"hasOperationContext":false,"hasMediaContext":false}
{"ts":"2026-04-17T17:18:33.726Z","event":"whatsapp.incoming","remoteJid":"5516988137617@s.whatsapp.net","userId":"5516988137617","sessionId":"wa-5516988137617","isGroup":false,"hasQuotedMessage":false,"mediaType":null,"messageId":"3EB07BA0A4C65A03417B7D"}
{"ts":"2026-04-17T17:18:34.382Z","event":"pipeline.policy","userId":"5516988137617","sessionId":"wa-5516988137617","channelId":"5516988137617@s.whatsapp.net","policy":{"allowed":true,"reason":"active","mode":"full"}}
{"ts":"2026-04-17T17:18:37.728Z","event":"pipeline.completed","userId":"5516988137617","sessionId":"wa-5516988137617","channelId":"5516988137617@s.whatsapp.net","replyCount":2,"policyReason":"active","searched":false,"hasDocumentContext":false,"hasOperationContext":false,"hasMediaContext":false}
{"ts":"2026-04-17T17:18:50.462Z","event":"whatsapp.incoming","remoteJid":"5516988137617@s.whatsapp.net","userId":"5516988137617","sessionId":"wa-5516988137617","isGroup":false,"hasQuotedMessage":false,"mediaType":"sticker","messageId":"3EB073C044B73543272808"}
{"ts":"2026-04-17T17:19:33.377Z","event":"whatsapp.incoming","remoteJid":"5516988137617@s.whatsapp.net","userId":"5516988137617","sessionId":"wa-5516988137617","isGroup":false,"hasQuotedMessage":false,"mediaType":"sticker","messageId":"3EB08E3C4A46D54901D787"}
{"ts":"2026-04-17T17:20:03.430Z","event":"whatsapp.incoming","remoteJid":"5516988137617@s.whatsapp.net","userId":"5516988137617","sessionId":"wa-5516988137617","isGroup":false,"hasQuotedMessage":false,"mediaType":null,"messageId":"3EB099D88644A8CA25F374"}
{"ts":"2026-04-17T17:20:04.089Z","event":"pipeline.policy","userId":"5516988137617","sessionId":"wa-5516988137617","channelId":"5516988137617@s.whatsapp.net","policy":{"allowed":true,"reason":"active","mode":"full"}}
{"ts":"2026-04-17T17:20:08.244Z","event":"pipeline.completed","userId":"5516988137617","sessionId":"wa-5516988137617","channelId":"5516988137617@s.whatsapp.net","replyCount":3,"policyReason":"active","searched":false,"hasDocumentContext":false,"hasOperationContext":false,"hasMediaContext":false}
{"ts":"2026-04-17T17:20:15.168Z","event":"whatsapp.incoming","remoteJid":"5516988137617@s.whatsapp.net","userId":"5516988137617","sessionId":"wa-5516988137617","isGroup":false,"hasQuotedMessage":false,"mediaType":null,"messageId":"3EB06F423C1034C40D4F63"}
{"ts":"2026-04-17T17:20:15.834Z","event":"pipeline.policy","userId":"5516988137617","sessionId":"wa-5516988137617","channelId":"5516988137617@s.whatsapp.net","policy":{"allowed":true,"reason":"active","mode":"full"}}
{"ts":"2026-04-17T17:20:21.765Z","event":"pipeline.completed","userId":"5516988137617","sessionId":"wa-5516988137617","channelId":"5516988137617@s.whatsapp.net","replyCount":2,"policyReason":"active","searched":false,"hasDocumentContext":false,"hasOperationContext":true,"hasMediaContext":false}
{"ts":"2026-04-17T17:21:13.814Z","event":"whatsapp.incoming","remoteJid":"157947506229421@lid","userId":"157947506229421","sessionId":"wa-157947506229421","isGroup":false,"hasQuotedMessage":false,"mediaType":"audio","messageId":"AC6C8077FA3F2605836AE2736935E6F2"}
{"ts":"2026-04-17T17:22:02.613Z","event":"whatsapp.incoming","remoteJid":"5516988137617@s.whatsapp.net","userId":"5516988137617","sessionId":"wa-5516988137617","isGroup":false,"hasQuotedMessage":false,"mediaType":null,"messageId":"3EB00EB1B1E5DA3619D7AA"}
{"ts":"2026-04-17T17:22:03.273Z","event":"pipeline.policy","userId":"5516988137617","sessionId":"wa-5516988137617","channelId":"5516988137617@s.whatsapp.net","policy":{"allowed":true,"reason":"active","mode":"full"}}
{"ts":"2026-04-17T17:22:09.364Z","event":"pipeline.completed","userId":"5516988137617","sessionId":"wa-5516988137617","channelId":"5516988137617@s.whatsapp.net","replyCount":2,"policyReason":"active","searched":false,"hasDocumentContext":false,"hasOperationContext":false,"hasMediaContext":false}
{"ts":"2026-04-17T17:27:23.910Z","event":"whatsapp.incoming","remoteJid":"5516988137617@s.whatsapp.net","userId":"5516988137617","sessionId":"wa-5516988137617","isGroup":false,"hasQuotedMessage":false,"mediaType":null,"messageId":"3EB049843286FE27DD89C0"}
{"ts":"2026-04-17T17:27:24.577Z","event":"pipeline.policy","userId":"5516988137617","sessionId":"wa-5516988137617","channelId":"5516988137617@s.whatsapp.net","policy":{"allowed":true,"reason":"active","mode":"full"}}
{"ts":"2026-04-17T17:27:29.767Z","event":"pipeline.completed","userId":"5516988137617","sessionId":"wa-5516988137617","channelId":"5516988137617@s.whatsapp.net","replyCount":1,"policyReason":"active","searched":false,"hasDocumentContext":false,"hasOperationContext":false,"hasMediaContext":false}
{"ts":"2026-04-17T17:27:34.359Z","event":"whatsapp.incoming","remoteJid":"5516988137617@s.whatsapp.net","userId":"5516988137617","sessionId":"wa-5516988137617","isGroup":false,"hasQuotedMessage":false,"mediaType":null,"messageId":"3EB045C47BBA6475AB63E9"}
{"ts":"2026-04-17T17:27:35.018Z","event":"pipeline.policy","userId":"5516988137617","sessionId":"wa-5516988137617","channelId":"5516988137617@s.whatsapp.net","policy":{"allowed":true,"reason":"active","mode":"full"}}
{"ts":"2026-04-17T17:27:42.798Z","event":"pipeline.completed","userId":"5516988137617","sessionId":"wa-5516988137617","channelId":"5516988137617@s.whatsapp.net","replyCount":3,"policyReason":"active","searched":false,"hasDocumentContext":false,"hasOperationContext":false,"hasMediaContext":false}
{"ts":"2026-04-17T17:27:54.308Z","event":"whatsapp.incoming","remoteJid":"5516988137617@s.whatsapp.net","userId":"5516988137617","sessionId":"wa-5516988137617","isGroup":false,"hasQuotedMessage":false,"mediaType":null,"messageId":"3EB063FDCB5A831D462C7E"}
{"ts":"2026-04-17T17:27:54.971Z","event":"pipeline.policy","userId":"5516988137617","sessionId":"wa-5516988137617","channelId":"5516988137617@s.whatsapp.net","policy":{"allowed":true,"reason":"active","mode":"full"}}
{"ts":"2026-04-17T17:28:00.379Z","event":"pipeline.completed","userId":"5516988137617","sessionId":"wa-5516988137617","channelId":"5516988137617@s.whatsapp.net","replyCount":3,"policyReason":"active","searched":false,"hasDocumentContext":false,"hasOperationContext":false,"hasMediaContext":false}
{"ts":"2026-04-17T17:28:09.992Z","event":"whatsapp.incoming","remoteJid":"5516988137617@s.whatsapp.net","userId":"5516988137617","sessionId":"wa-5516988137617","isGroup":false,"hasQuotedMessage":false,"mediaType":"sticker","messageId":"3EB051745A79F46FE2ED3A"}
{"ts":"2026-04-17T17:28:37.617Z","event":"whatsapp.incoming","remoteJid":"5516988137617@s.whatsapp.net","userId":"5516988137617","sessionId":"wa-5516988137617","isGroup":false,"hasQuotedMessage":false,"mediaType":null,"messageId":"3EB0F77FBF666E0F1C2ADA"}
{"ts":"2026-04-17T17:28:38.268Z","event":"pipeline.policy","userId":"5516988137617","sessionId":"wa-5516988137617","channelId":"5516988137617@s.whatsapp.net","policy":{"allowed":true,"reason":"active","mode":"full"}}
{"ts":"2026-04-17T17:28:44.213Z","event":"pipeline.completed","userId":"5516988137617","sessionId":"wa-5516988137617","channelId":"5516988137617@s.whatsapp.net","replyCount":2,"policyReason":"active","searched":false,"hasDocumentContext":false,"hasOperationContext":false,"hasMediaContext":false}
{"ts":"2026-04-17T17:28:52.191Z","event":"whatsapp.incoming","remoteJid":"5516988137617@s.whatsapp.net","userId":"5516988137617","sessionId":"wa-5516988137617","isGroup":false,"hasQuotedMessage":false,"mediaType":"image","messageId":"3EB0F3D4A2BF1D1D121F4E"}
{"ts":"2026-04-17T19:38:22.748Z","event":"whatsapp.incoming","remoteJid":"5516988137617@s.whatsapp.net","userId":"5516988137617","sessionId":"wa-5516988137617","isGroup":false,"hasQuotedMessage":false,"mediaType":null,"messageId":"3EB07EB4C06B637B80E946"}
{"ts":"2026-04-17T19:38:23.409Z","event":"pipeline.policy","userId":"5516988137617","sessionId":"wa-5516988137617","channelId":"5516988137617@s.whatsapp.net","policy":{"allowed":true,"reason":"active","mode":"full"}}
{"ts":"2026-04-17T19:38:25.731Z","event":"pipeline.completed","userId":"5516988137617","sessionId":"wa-5516988137617","channelId":"5516988137617@s.whatsapp.net","replyCount":3,"policyReason":"active","searched":false,"hasDocumentContext":false,"hasOperationContext":false,"hasMediaContext":false}
{"ts":"2026-04-17T20:20:10.261Z","event":"whatsapp.incoming","remoteJid":"5516988137617@s.whatsapp.net","userId":"5516988137617","sessionId":"wa-5516988137617","isGroup":false,"hasQuotedMessage":false,"mediaType":null,"messageId":"3EB009E26FE6996ACBA4D3"}
{"ts":"2026-04-17T20:20:10.921Z","event":"pipeline.policy","userId":"5516988137617","sessionId":"wa-5516988137617","channelId":"5516988137617@s.whatsapp.net","policy":{"allowed":true,"reason":"active","mode":"full"}}
{"ts":"2026-04-17T20:20:16.502Z","event":"whatsapp.incoming","remoteJid":"5516988137617@s.whatsapp.net","userId":"5516988137617","sessionId":"wa-5516988137617","isGroup":false,"hasQuotedMessage":false,"mediaType":"sticker","messageId":"3EB07EAB359EE8755B815B"}
{"ts":"2026-04-17T20:20:17.994Z","event":"pipeline.completed","userId":"5516988137617","sessionId":"wa-5516988137617","channelId":"5516988137617@s.whatsapp.net","replyCount":1,"policyReason":"active","searched":false,"hasDocumentContext":false,"hasOperationContext":false,"hasMediaContext":false}
{"ts":"2026-04-17T20:20:17.996Z","event":"pipeline.policy","userId":"5516988137617","sessionId":"wa-5516988137617","channelId":"5516988137617@s.whatsapp.net","policy":{"allowed":true,"reason":"active","mode":"full"}}
{"ts":"2026-04-17T20:20:25.818Z","event":"pipeline.completed","userId":"5516988137617","sessionId":"wa-5516988137617","channelId":"5516988137617@s.whatsapp.net","replyCount":1,"policyReason":"active","searched":false,"hasDocumentContext":false,"hasOperationContext":false,"hasMediaContext":false}
{"ts":"2026-04-17T20:20:39.683Z","event":"whatsapp.incoming","remoteJid":"5516988137617@s.whatsapp.net","userId":"5516988137617","sessionId":"wa-5516988137617","isGroup":false,"hasQuotedMessage":false,"mediaType":null,"messageId":"3EB0092AB5936EB4FB9EB4"}
{"ts":"2026-04-17T20:20:40.348Z","event":"pipeline.policy","userId":"5516988137617","sessionId":"wa-5516988137617","channelId":"5516988137617@s.whatsapp.net","policy":{"allowed":true,"reason":"active","mode":"full"}}
{"ts":"2026-04-17T20:20:43.555Z","event":"pipeline.completed","userId":"5516988137617","sessionId":"wa-5516988137617","channelId":"5516988137617@s.whatsapp.net","replyCount":1,"policyReason":"active","searched":false,"hasDocumentContext":false,"hasOperationContext":false,"hasMediaContext":false}
{"ts":"2026-04-17T20:20:50.058Z","event":"whatsapp.incoming","remoteJid":"5516988137617@s.whatsapp.net","userId":"5516988137617","sessionId":"wa-5516988137617","isGroup":false,"hasQuotedMessage":false,"mediaType":"sticker","messageId":"3EB095B9CAB3D78E35F228"}
{"ts":"2026-04-17T20:20:50.718Z","event":"pipeline.policy","userId":"5516988137617","sessionId":"wa-5516988137617","channelId":"5516988137617@s.whatsapp.net","policy":{"allowed":true,"reason":"active","mode":"full"}}
{"ts":"2026-04-17T20:20:52.642Z","event":"pipeline.completed","userId":"5516988137617","sessionId":"wa-5516988137617","channelId":"5516988137617@s.whatsapp.net","replyCount":2,"policyReason":"active","searched":false,"hasDocumentContext":false,"hasOperationContext":false,"hasMediaContext":false}
{"ts":"2026-04-17T20:21:14.091Z","event":"whatsapp.incoming","remoteJid":"5516988137617@s.whatsapp.net","userId":"5516988137617","sessionId":"wa-5516988137617","isGroup":false,"hasQuotedMessage":false,"mediaType":"image","messageId":"3EB0F932945BAF9A6F507E"}
{"ts":"2026-04-17T20:21:14.751Z","event":"pipeline.policy","userId":"5516988137617","sessionId":"wa-5516988137617","channelId":"5516988137617@s.whatsapp.net","policy":{"allowed":true,"reason":"active","mode":"full"}}
{"ts":"2026-04-17T20:21:22.368Z","event":"pipeline.completed","userId":"5516988137617","sessionId":"wa-5516988137617","channelId":"5516988137617@s.whatsapp.net","replyCount":1,"policyReason":"active","searched":false,"hasDocumentContext":false,"hasOperationContext":false,"hasMediaContext":false}
{"ts":"2026-04-17T20:29:45.851Z","event":"whatsapp.incoming","remoteJid":"5516988137617@s.whatsapp.net","userId":"5516988137617","sessionId":"wa-5516988137617","isGroup":false,"hasQuotedMessage":false,"mediaType":null,"messageId":"3EB071BFC452A3BB402E36"}
{"ts":"2026-04-17T20:29:46.516Z","event":"pipeline.policy","userId":"5516988137617","sessionId":"wa-5516988137617","channelId":"5516988137617@s.whatsapp.net","policy":{"allowed":true,"reason":"active","mode":"full"}}
{"ts":"2026-04-17T20:29:48.927Z","event":"whatsapp.incoming","remoteJid":"5516988137617@s.whatsapp.net","userId":"5516988137617","sessionId":"wa-5516988137617","isGroup":false,"hasQuotedMessage":false,"mediaType":"sticker","messageId":"3EB0C5CCD3248D9AC89BE4"}
{"ts":"2026-04-17T20:29:53.940Z","event":"pipeline.completed","userId":"5516988137617","sessionId":"wa-5516988137617","channelId":"5516988137617@s.whatsapp.net","replyCount":2,"policyReason":"active","searched":false,"hasDocumentContext":false,"hasOperationContext":false,"hasMediaContext":false}
{"ts":"2026-04-17T20:29:53.943Z","event":"pipeline.policy","userId":"5516988137617","sessionId":"wa-5516988137617","channelId":"5516988137617@s.whatsapp.net","policy":{"allowed":true,"reason":"active","mode":"full"}}
{"ts":"2026-04-17T20:29:58.740Z","event":"pipeline.completed","userId":"5516988137617","sessionId":"wa-5516988137617","channelId":"5516988137617@s.whatsapp.net","replyCount":1,"policyReason":"active","searched":false,"hasDocumentContext":false,"hasOperationContext":false,"hasMediaContext":false}
{"ts":"2026-04-17T20:30:09.029Z","event":"whatsapp.incoming","remoteJid":"5516988137617@s.whatsapp.net","userId":"5516988137617","sessionId":"wa-5516988137617","isGroup":false,"hasQuotedMessage":false,"mediaType":null,"messageId":"3EB04C1BCFC6196FB58D48"}
{"ts":"2026-04-17T20:30:09.681Z","event":"pipeline.policy","userId":"5516988137617","sessionId":"wa-5516988137617","channelId":"5516988137617@s.whatsapp.net","policy":{"allowed":true,"reason":"active","mode":"full"}}
{"ts":"2026-04-17T20:30:12.430Z","event":"pipeline.completed","userId":"5516988137617","sessionId":"wa-5516988137617","channelId":"5516988137617@s.whatsapp.net","replyCount":2,"policyReason":"active","searched":false,"hasDocumentContext":false,"hasOperationContext":false,"hasMediaContext":false}
{"ts":"2026-04-17T20:30:25.657Z","event":"whatsapp.incoming","remoteJid":"5516988137617@s.whatsapp.net","userId":"5516988137617","sessionId":"wa-5516988137617","isGroup":false,"hasQuotedMessage":false,"mediaType":null,"messageId":"3EB0C23F1D3231C058B285"}
{"ts":"2026-04-17T20:30:26.318Z","event":"pipeline.policy","userId":"5516988137617","sessionId":"wa-5516988137617","channelId":"5516988137617@s.whatsapp.net","policy":{"allowed":true,"reason":"active","mode":"full"}}
{"ts":"2026-04-17T20:30:27.715Z","event":"whatsapp.incoming","remoteJid":"5516988137617@s.whatsapp.net","userId":"5516988137617","sessionId":"wa-5516988137617","isGroup":false,"hasQuotedMessage":false,"mediaType":"sticker","messageId":"3EB0A5775AFF4711D49654"}
{"ts":"2026-04-17T20:30:28.080Z","event":"pipeline.completed","userId":"5516988137617","sessionId":"wa-5516988137617","channelId":"5516988137617@s.whatsapp.net","replyCount":1,"policyReason":"active","searched":false,"hasDocumentContext":false,"hasOperationContext":false,"hasMediaContext":false}
{"ts":"2026-04-17T20:30:28.378Z","event":"pipeline.policy","userId":"5516988137617","sessionId":"wa-5516988137617","channelId":"5516988137617@s.whatsapp.net","policy":{"allowed":true,"reason":"active","mode":"full"}}
{"ts":"2026-04-17T20:30:34.986Z","event":"pipeline.completed","userId":"5516988137617","sessionId":"wa-5516988137617","channelId":"5516988137617@s.whatsapp.net","replyCount":2,"policyReason":"active","searched":false,"hasDocumentContext":false,"hasOperationContext":false,"hasMediaContext":false}
{"ts":"2026-04-17T20:47:47.111Z","event":"whatsapp.incoming","remoteJid":"5516988137617@s.whatsapp.net","userId":"5516988137617","sessionId":"wa-5516988137617","isGroup":false,"hasQuotedMessage":false,"mediaType":null,"messageId":"3EB0440E43C52220EF491D"}
{"ts":"2026-04-17T20:47:47.764Z","event":"pipeline.policy","userId":"5516988137617","sessionId":"wa-5516988137617","channelId":"5516988137617@s.whatsapp.net","policy":{"allowed":true,"reason":"active","mode":"full"}}
{"ts":"2026-04-17T20:47:49.476Z","event":"whatsapp.incoming","remoteJid":"5516988137617@s.whatsapp.net","userId":"5516988137617","sessionId":"wa-5516988137617","isGroup":false,"hasQuotedMessage":false,"mediaType":"sticker","messageId":"3EB0CCB6B02383AF3FCE6D"}
{"ts":"2026-04-17T20:47:52.626Z","event":"pipeline.completed","userId":"5516988137617","sessionId":"wa-5516988137617","channelId":"5516988137617@s.whatsapp.net","replyCount":2,"policyReason":"active","searched":false,"hasDocumentContext":false,"hasOperationContext":false,"hasMediaContext":false}
{"ts":"2026-04-17T20:47:52.631Z","event":"pipeline.policy","userId":"5516988137617","sessionId":"wa-5516988137617","channelId":"5516988137617@s.whatsapp.net","policy":{"allowed":true,"reason":"active","mode":"full"}}
{"ts":"2026-04-17T20:47:56.221Z","event":"pipeline.completed","userId":"5516988137617","sessionId":"wa-5516988137617","channelId":"5516988137617@s.whatsapp.net","replyCount":4,"policyReason":"active","searched":false,"hasDocumentContext":false,"hasOperationContext":false,"hasMediaContext":false}
{"ts":"2026-04-17T20:48:08.043Z","event":"whatsapp.incoming","remoteJid":"5516988137617@s.whatsapp.net","userId":"5516988137617","sessionId":"wa-5516988137617","isGroup":false,"hasQuotedMessage":false,"mediaType":"sticker","messageId":"3EB062E44A3FDEA4E081F6"}
{"ts":"2026-04-17T20:48:08.694Z","event":"pipeline.policy","userId":"5516988137617","sessionId":"wa-5516988137617","channelId":"5516988137617@s.whatsapp.net","policy":{"allowed":true,"reason":"active","mode":"full"}}
{"ts":"2026-04-17T20:48:16.089Z","event":"pipeline.completed","userId":"5516988137617","sessionId":"wa-5516988137617","channelId":"5516988137617@s.whatsapp.net","replyCount":2,"policyReason":"active","searched":false,"hasDocumentContext":false,"hasOperationContext":false,"hasMediaContext":false}
{"ts":"2026-04-17T20:54:30.395Z","event":"whatsapp.incoming","remoteJid":"5516988137617@s.whatsapp.net","userId":"5516988137617","sessionId":"wa-5516988137617","isGroup":false,"hasQuotedMessage":false,"mediaType":null,"messageId":"3EB04BD27EFD69DDB3D322"}
{"ts":"2026-04-17T20:54:31.047Z","event":"pipeline.policy","userId":"5516988137617","sessionId":"wa-5516988137617","channelId":"5516988137617@s.whatsapp.net","policy":{"allowed":true,"reason":"active","mode":"full"}}
{"ts":"2026-04-17T20:54:39.871Z","event":"pipeline.completed","userId":"5516988137617","sessionId":"wa-5516988137617","channelId":"5516988137617@s.whatsapp.net","replyCount":3,"policyReason":"active","searched":false,"hasDocumentContext":false,"hasOperationContext":false,"hasMediaContext":false}
{"ts":"2026-04-17T20:55:02.078Z","event":"whatsapp.incoming","remoteJid":"5516988137617@s.whatsapp.net","userId":"5516988137617","sessionId":"wa-5516988137617","isGroup":false,"hasQuotedMessage":false,"mediaType":"sticker","messageId":"3EB063CBD9D28FC4EE6C0F"}
{"ts":"2026-04-17T20:55:02.737Z","event":"pipeline.policy","userId":"5516988137617","sessionId":"wa-5516988137617","channelId":"5516988137617@s.whatsapp.net","policy":{"allowed":true,"reason":"active","mode":"full"}}
{"ts":"2026-04-17T20:55:06.004Z","event":"pipeline.completed","userId":"5516988137617","sessionId":"wa-5516988137617","channelId":"5516988137617@s.whatsapp.net","replyCount":2,"policyReason":"active","searched":false,"hasDocumentContext":false,"hasOperationContext":false,"hasMediaContext":false}
{"ts":"2026-04-17T20:55:15.064Z","event":"whatsapp.incoming","remoteJid":"5516988137617@s.whatsapp.net","userId":"5516988137617","sessionId":"wa-5516988137617","isGroup":false,"hasQuotedMessage":false,"mediaType":null,"messageId":"3EB0E3B9DA5296DF0CD3A4"}
{"ts":"2026-04-17T20:55:15.731Z","event":"pipeline.policy","userId":"5516988137617","sessionId":"wa-5516988137617","channelId":"5516988137617@s.whatsapp.net","policy":{"allowed":true,"reason":"active","mode":"full"}}
{"ts":"2026-04-17T20:55:21.324Z","event":"pipeline.completed","userId":"5516988137617","sessionId":"wa-5516988137617","channelId":"5516988137617@s.whatsapp.net","replyCount":1,"policyReason":"active","searched":false,"hasDocumentContext":false,"hasOperationContext":false,"hasMediaContext":false}
{"ts":"2026-04-17T20:55:26.990Z","event":"whatsapp.incoming","remoteJid":"5516988137617@s.whatsapp.net","userId":"5516988137617","sessionId":"wa-5516988137617","isGroup":false,"hasQuotedMessage":false,"mediaType":null,"messageId":"3EB0DC4932623F037D0A5C"}
{"ts":"2026-04-17T20:55:27.646Z","event":"pipeline.policy","userId":"5516988137617","sessionId":"wa-5516988137617","channelId":"5516988137617@s.whatsapp.net","policy":{"allowed":true,"reason":"active","mode":"full"}}
